


ARM Macro Assembler    Page 1 


    1 00000000         ;******************** (C) COPYRIGHT 2016 STMicroelectron
                       ics ********************
    2 00000000         ;* File Name          : startup_stm32f40xx.s
    3 00000000         ;* Author             : MCD Application Team
    4 00000000         ;* @version           : V1.8.1
    5 00000000         ;* @date              : 27-January-2022
    6 00000000         ;* Description        : STM32F40xxx/41xxx devices vector
                        table for MDK-ARM toolchain. 
    7 00000000         ;*                      Same as startup_stm32f40_41xxx.s
                        and maintained for legacy purpose 
    8 00000000         ;*                      This module performs:
    9 00000000         ;*                      - Set the initial SP
   10 00000000         ;*                      - Set the initial PC == Reset_Ha
                       ndler
   11 00000000         ;*                      - Set the vector table entries w
                       ith the exceptions ISR address
   12 00000000         ;*                      - Configure the system clock and
                        the external SRAM mounted on 
   13 00000000         ;*                        STM324xG-EVAL board to be used
                        as data memory (optional, 
   14 00000000         ;*                        to be enabled by user)
   15 00000000         ;*                      - Branches to __main in the C li
                       brary (which eventually
   16 00000000         ;*                        calls main()).
   17 00000000         ;*                      After Reset the CortexM4 process
                       or is in Thread mode,
   18 00000000         ;*                      priority is Privileged, and the 
                       Stack is set to Main.
   19 00000000         ;* <<< Use Configuration Wizard in Context Menu >>>   
   20 00000000         ;*******************************************************
                       ***********************
   21 00000000         ;* @attention
   22 00000000         ;*
   23 00000000         ;* Copyright (c) 2016 STMicroelectronics.
   24 00000000         ;* All rights reserved.
   25 00000000         ;*
   26 00000000         ;* This software is licensed under terms that can be fou
                       nd in the LICENSE file
   27 00000000         ;* in the root directory of this software component.
   28 00000000         ;* If no LICENSE file comes with this software, it is pr
                       ovided AS-IS.
   29 00000000         ;*
   30 00000000         ;*******************************************************
                       ***********************
   31 00000000         
   32 00000000         ; Amount of memory (in bytes) allocated for Stack
   33 00000000         ; Tailor this value to your application needs
   34 00000000         ; <h> Stack Configuration
   35 00000000         ;   <o> Stack Size (in Bytes) <0x0-0xFFFFFFFF:8>
   36 00000000         ; </h>
   37 00000000         
   38 00000000 00008000 
                       Stack_Size
                               EQU              0x00008000
   39 00000000         
   40 00000000                 AREA             STACK, NOINIT, READWRITE, ALIGN
=3
   41 00000000         Stack_Mem
                               SPACE            Stack_Size



ARM Macro Assembler    Page 2 


   42 00008000         __initial_sp
   43 00008000         
   44 00008000         
   45 00008000         ; <h> Heap Configuration
   46 00008000         ;   <o>  Heap Size (in Bytes) <0x0-0xFFFFFFFF:8>
   47 00008000         ; </h>
   48 00008000         
   49 00008000 00000200 
                       Heap_Size
                               EQU              0x00000200
   50 00008000         
   51 00008000                 AREA             HEAP, NOINIT, READWRITE, ALIGN=
3
   52 00000000         __heap_base
   53 00000000         Heap_Mem
                               SPACE            Heap_Size
   54 00000200         __heap_limit
   55 00000200         
   56 00000200                 PRESERVE8
   57 00000200                 THUMB
   58 00000200         
   59 00000200         
   60 00000200         ; Vector Table Mapped to Address 0 at Reset
   61 00000200                 AREA             RESET, DATA, READONLY
   62 00000000                 EXPORT           __Vectors
   63 00000000                 EXPORT           __Vectors_End
   64 00000000                 EXPORT           __Vectors_Size
   65 00000000         
   66 00000000 00000000 
                       __Vectors
                               DCD              __initial_sp ; Top of Stack
   67 00000004 00000000        DCD              Reset_Handler ; Reset Handler
   68 00000008 00000000        DCD              NMI_Handler ; NMI Handler
   69 0000000C 00000000        DCD              HardFault_Handler ; Hard Fault 
                                                            Handler
   70 00000010 00000000        DCD              MemManage_Handler 
                                                            ; MPU Fault Handler
                                                            
   71 00000014 00000000        DCD              BusFault_Handler 
                                                            ; Bus Fault Handler
                                                            
   72 00000018 00000000        DCD              UsageFault_Handler ; Usage Faul
                                                            t Handler
   73 0000001C 00000000        DCD              0           ; Reserved
   74 00000020 00000000        DCD              0           ; Reserved
   75 00000024 00000000        DCD              0           ; Reserved
   76 00000028 00000000        DCD              0           ; Reserved
   77 0000002C 00000000        DCD              SVC_Handler ; SVCall Handler
   78 00000030 00000000        DCD              DebugMon_Handler ; Debug Monito
                                                            r Handler
   79 00000034 00000000        DCD              0           ; Reserved
   80 00000038 00000000        DCD              PendSV_Handler ; PendSV Handler
                                                            
   81 0000003C 00000000        DCD              SysTick_Handler 
                                                            ; SysTick Handler
   82 00000040         
   83 00000040         ; External Interrupts
   84 00000040 00000000        DCD              WWDG_IRQHandler ; Window WatchD
                                                            og                 



ARM Macro Assembler    Page 3 


                                                                               
                                                                
   85 00000044 00000000        DCD              PVD_IRQHandler ; PVD through EX
                                                            TI Line detection  
                                                                               
                                                               
   86 00000048 00000000        DCD              TAMP_STAMP_IRQHandler ; Tamper 
                                                            and TimeStamps thro
                                                            ugh the EXTI line  
                                                                      
   87 0000004C 00000000        DCD              RTC_WKUP_IRQHandler ; RTC Wakeu
                                                            p through the EXTI 
                                                            line               
                                                                    
   88 00000050 00000000        DCD              FLASH_IRQHandler ; FLASH       
                                                                               
                                                                             
   89 00000054 00000000        DCD              RCC_IRQHandler ; RCC           
                                                                               
                                                                           
   90 00000058 00000000        DCD              EXTI0_IRQHandler ; EXTI Line0  
                                                                               
                                                                               
                                                                 
   91 0000005C 00000000        DCD              EXTI1_IRQHandler ; EXTI Line1  
                                                                               
                                                                               
                                                                 
   92 00000060 00000000        DCD              EXTI2_IRQHandler ; EXTI Line2  
                                                                               
                                                                               
                                                                 
   93 00000064 00000000        DCD              EXTI3_IRQHandler ; EXTI Line3  
                                                                               
                                                                               
                                                                 
   94 00000068 00000000        DCD              EXTI4_IRQHandler ; EXTI Line4  
                                                                               
                                                                               
                                                                 
   95 0000006C 00000000        DCD              DMA1_Stream0_IRQHandler ; DMA1 
                                                            Stream 0           
                                                                               
                                                                 
   96 00000070 00000000        DCD              DMA1_Stream1_IRQHandler ; DMA1 
                                                            Stream 1           
                                                                               
                                                                 
   97 00000074 00000000        DCD              DMA1_Stream2_IRQHandler ; DMA1 
                                                            Stream 2           
                                                                               
                                                                 
   98 00000078 00000000        DCD              DMA1_Stream3_IRQHandler ; DMA1 
                                                            Stream 3           
                                                                               
                                                                 
   99 0000007C 00000000        DCD              DMA1_Stream4_IRQHandler ; DMA1 
                                                            Stream 4           
                                                                               



ARM Macro Assembler    Page 4 


                                                                 
  100 00000080 00000000        DCD              DMA1_Stream5_IRQHandler ; DMA1 
                                                            Stream 5           
                                                                               
                                                                 
  101 00000084 00000000        DCD              DMA1_Stream6_IRQHandler ; DMA1 
                                                            Stream 6           
                                                                               
                                                                 
  102 00000088 00000000        DCD              ADC_IRQHandler ; ADC1, ADC2 and
                                                             ADC3s             
                                                                           
  103 0000008C 00000000        DCD              CAN1_TX_IRQHandler ; CAN1 TX   
                                                                               
                                                                               
                                                                   
  104 00000090 00000000        DCD              CAN1_RX0_IRQHandler ; CAN1 RX0 
                                                                               
                                                                               
                                                                    
  105 00000094 00000000        DCD              CAN1_RX1_IRQHandler ; CAN1 RX1 
                                                                               
                                                                               
                                                                    
  106 00000098 00000000        DCD              CAN1_SCE_IRQHandler ; CAN1 SCE 
                                                                               
                                                                               
                                                                    
  107 0000009C 00000000        DCD              EXTI9_5_IRQHandler ; External L
                                                            ine[9:5]s          
                                                                               
                                                                   
  108 000000A0 00000000        DCD              TIM1_BRK_TIM9_IRQHandler ; TIM1
                                                             Break and TIM9    
                                                                           
  109 000000A4 00000000        DCD              TIM1_UP_TIM10_IRQHandler ; TIM1
                                                             Update and TIM10  
                                                                           
  110 000000A8 00000000        DCD              TIM1_TRG_COM_TIM11_IRQHandler ;
                                                             TIM1 Trigger and C
                                                            ommutation and TIM1
                                                            1
  111 000000AC 00000000        DCD              TIM1_CC_IRQHandler ; TIM1 Captu
                                                            re Compare         
                                                                               
                                                                   
  112 000000B0 00000000        DCD              TIM2_IRQHandler ; TIM2         
                                                                               
                                                                            
  113 000000B4 00000000        DCD              TIM3_IRQHandler ; TIM3         
                                                                               
                                                                            
  114 000000B8 00000000        DCD              TIM4_IRQHandler ; TIM4         
                                                                               
                                                                            
  115 000000BC 00000000        DCD              I2C1_EV_IRQHandler ; I2C1 Event
                                                                               
                                                                               
                                                                   



ARM Macro Assembler    Page 5 


  116 000000C0 00000000        DCD              I2C1_ER_IRQHandler ; I2C1 Error
                                                                               
                                                                               
                                                                   
  117 000000C4 00000000        DCD              I2C2_EV_IRQHandler ; I2C2 Event
                                                                               
                                                                               
                                                                   
  118 000000C8 00000000        DCD              I2C2_ER_IRQHandler ; I2C2 Error
                                                                               
                                                                               
                                                                     
  119 000000CC 00000000        DCD              SPI1_IRQHandler ; SPI1         
                                                                               
                                                                            
  120 000000D0 00000000        DCD              SPI2_IRQHandler ; SPI2         
                                                                               
                                                                            
  121 000000D4 00000000        DCD              USART1_IRQHandler ; USART1     
                                                                               
                                                                              
  122 000000D8 00000000        DCD              USART2_IRQHandler ; USART2     
                                                                               
                                                                              
  123 000000DC 00000000        DCD              USART3_IRQHandler ; USART3     
                                                                               
                                                                              
  124 000000E0 00000000        DCD              EXTI15_10_IRQHandler ; External
                                                             Line[15:10]s      
                                                                               
                                                                     
  125 000000E4 00000000        DCD              RTC_Alarm_IRQHandler ; RTC Alar
                                                            m (A and B) through
                                                             EXTI Line         
                                                                     
  126 000000E8 00000000        DCD              OTG_FS_WKUP_IRQHandler ; USB OT
                                                            G FS Wakeup through
                                                             EXTI line         
                                                                           
  127 000000EC 00000000        DCD              TIM8_BRK_TIM12_IRQHandler ; TIM
                                                            8 Break and TIM12  
                                                                            
  128 000000F0 00000000        DCD              TIM8_UP_TIM13_IRQHandler ; TIM8
                                                             Update and TIM13  
                                                                           
  129 000000F4 00000000        DCD              TIM8_TRG_COM_TIM14_IRQHandler ;
                                                             TIM8 Trigger and C
                                                            ommutation and TIM1
                                                            4
  130 000000F8 00000000        DCD              TIM8_CC_IRQHandler ; TIM8 Captu
                                                            re Compare         
                                                                               
                                                                   
  131 000000FC 00000000        DCD              DMA1_Stream7_IRQHandler ; DMA1 
                                                            Stream7            
                                                                               
                                                                        
  132 00000100 00000000        DCD              FSMC_IRQHandler ; FSMC         
                                                                               



ARM Macro Assembler    Page 6 


                                                                            
  133 00000104 00000000        DCD              SDIO_IRQHandler ; SDIO         
                                                                               
                                                                            
  134 00000108 00000000        DCD              TIM5_IRQHandler ; TIM5         
                                                                               
                                                                            
  135 0000010C 00000000        DCD              SPI3_IRQHandler ; SPI3         
                                                                               
                                                                            
  136 00000110 00000000        DCD              UART4_IRQHandler ; UART4       
                                                                               
                                                                             
  137 00000114 00000000        DCD              UART5_IRQHandler ; UART5       
                                                                               
                                                                             
  138 00000118 00000000        DCD              TIM6_DAC_IRQHandler ; TIM6 and 
                                                            DAC1&2 underrun err
                                                            ors                
                                                               
  139 0000011C 00000000        DCD              TIM7_IRQHandler ; TIM7         
                                                                      
  140 00000120 00000000        DCD              DMA2_Stream0_IRQHandler ; DMA2 
                                                            Stream 0           
                                                                               
                                                                 
  141 00000124 00000000        DCD              DMA2_Stream1_IRQHandler ; DMA2 
                                                            Stream 1           
                                                                               
                                                                 
  142 00000128 00000000        DCD              DMA2_Stream2_IRQHandler ; DMA2 
                                                            Stream 2           
                                                                               
                                                                 
  143 0000012C 00000000        DCD              DMA2_Stream3_IRQHandler ; DMA2 
                                                            Stream 3           
                                                                               
                                                                 
  144 00000130 00000000        DCD              DMA2_Stream4_IRQHandler ; DMA2 
                                                            Stream 4           
                                                                               
                                                                 
  145 00000134 00000000        DCD              ETH_IRQHandler ; Ethernet      
                                                                               
                                                                           
  146 00000138 00000000        DCD              ETH_WKUP_IRQHandler ; Ethernet 
                                                            Wakeup through EXTI
                                                             line              
                                                                    
  147 0000013C 00000000        DCD              CAN2_TX_IRQHandler ; CAN2 TX   
                                                                               
                                                                               
                                                                   
  148 00000140 00000000        DCD              CAN2_RX0_IRQHandler ; CAN2 RX0 
                                                                               
                                                                               
                                                                    
  149 00000144 00000000        DCD              CAN2_RX1_IRQHandler ; CAN2 RX1 
                                                                               



ARM Macro Assembler    Page 7 


                                                                               
                                                                    
  150 00000148 00000000        DCD              CAN2_SCE_IRQHandler ; CAN2 SCE 
                                                                               
                                                                               
                                                                    
  151 0000014C 00000000        DCD              OTG_FS_IRQHandler ; USB OTG FS 
                                                                               
                                                                              
  152 00000150 00000000        DCD              DMA2_Stream5_IRQHandler ; DMA2 
                                                            Stream 5           
                                                                               
                                                                 
  153 00000154 00000000        DCD              DMA2_Stream6_IRQHandler ; DMA2 
                                                            Stream 6           
                                                                               
                                                                 
  154 00000158 00000000        DCD              DMA2_Stream7_IRQHandler ; DMA2 
                                                            Stream 7           
                                                                               
                                                                 
  155 0000015C 00000000        DCD              USART6_IRQHandler ; USART6     
                                                                               
                                                                               
                                                            
  156 00000160 00000000        DCD              I2C3_EV_IRQHandler ; I2C3 event
                                                                               
                                                                               
                                                                   
  157 00000164 00000000        DCD              I2C3_ER_IRQHandler ; I2C3 error
                                                                               
                                                                               
                                                                   
  158 00000168 00000000        DCD              OTG_HS_EP1_OUT_IRQHandler ; USB
                                                             OTG HS End Point 1
                                                             Out               
                                                                   
  159 0000016C 00000000        DCD              OTG_HS_EP1_IN_IRQHandler ; USB 
                                                            OTG HS End Point 1 
                                                            In                 
                                                                  
  160 00000170 00000000        DCD              OTG_HS_WKUP_IRQHandler ; USB OT
                                                            G HS Wakeup through
                                                             EXTI              
                                                                       
  161 00000174 00000000        DCD              OTG_HS_IRQHandler ; USB OTG HS 
                                                                               
                                                                              
  162 00000178 00000000        DCD              DCMI_IRQHandler ; DCMI         
                                                                               
                                                                            
  163 0000017C 00000000        DCD              CRYP_IRQHandler ; CRYP crypto  
                                                                               
                                                                            
  164 00000180 00000000        DCD              HASH_RNG_IRQHandler 
                                                            ; Hash and Rng
  165 00000184 00000000        DCD              FPU_IRQHandler ; FPU
  166 00000188         
  167 00000188         __Vectors_End



ARM Macro Assembler    Page 8 


  168 00000188         
  169 00000188 00000188 
                       __Vectors_Size
                               EQU              __Vectors_End - __Vectors
  170 00000188         
  171 00000188                 AREA             |.text|, CODE, READONLY
  172 00000000         
  173 00000000         ; Reset handler
  174 00000000         Reset_Handler
                               PROC
  175 00000000                 EXPORT           Reset_Handler             [WEAK
]
  176 00000000                 IMPORT           SystemInit
  177 00000000                 IMPORT           __main
  178 00000000         
  179 00000000                 IF               {FPU} != "SoftVFP"
  180 00000000 480E            LDR              R0,=0xE000ED88 ;使能FPU CP10 
                                                            CP11
  181 00000002 6801            LDR              R1,[R0]
  182 00000004 F441 0170       ORR              R1,R1,#(0XF << 20)
  183 00000008 6001            STR              R1,[R0]
  184 0000000A F3BF 8F4F       DSB
  185 0000000E         
  186 0000000E F8DF 0030       LDR.W            R0,=0xE000EF34
  187 00000012 6801            LDR              R1,[R0]
  188 00000014 F021 4140       AND              R1,R1,#(0x3FFFFFFF)
  189 00000018 6001            STR              R1,[R0]
  190 0000001A F3BF 8F6F       ISB
  191 0000001E                 ENDIF
  192 0000001E         
  193 0000001E 4809            LDR              R0, =SystemInit
  194 00000020 4780            BLX              R0
  195 00000022 4809            LDR              R0, =__main
  196 00000024 4700            BX               R0
  197 00000026                 ENDP
  198 00000026         
  199 00000026         ; Dummy Exception Handlers (infinite loops which can be 
                       modified)
  200 00000026         
  201 00000026         NMI_Handler
                               PROC
  202 00000026                 EXPORT           NMI_Handler                [WEA
K]
  203 00000026 E7FE            B                .
  204 00000028                 ENDP
  206 00000028         HardFault_Handler
                               PROC
  207 00000028                 EXPORT           HardFault_Handler          [WEA
K]
  208 00000028 E7FE            B                .
  209 0000002A                 ENDP
  211 0000002A         MemManage_Handler
                               PROC
  212 0000002A                 EXPORT           MemManage_Handler          [WEA
K]
  213 0000002A E7FE            B                .
  214 0000002C                 ENDP
  216 0000002C         BusFault_Handler
                               PROC



ARM Macro Assembler    Page 9 


  217 0000002C                 EXPORT           BusFault_Handler           [WEA
K]
  218 0000002C E7FE            B                .
  219 0000002E                 ENDP
  221 0000002E         UsageFault_Handler
                               PROC
  222 0000002E                 EXPORT           UsageFault_Handler         [WEA
K]
  223 0000002E E7FE            B                .
  224 00000030                 ENDP
  225 00000030         SVC_Handler
                               PROC
  226 00000030                 EXPORT           SVC_Handler                [WEA
K]
  227 00000030 E7FE            B                .
  228 00000032                 ENDP
  230 00000032         DebugMon_Handler
                               PROC
  231 00000032                 EXPORT           DebugMon_Handler           [WEA
K]
  232 00000032 E7FE            B                .
  233 00000034                 ENDP
  234 00000034         PendSV_Handler
                               PROC
  235 00000034                 EXPORT           PendSV_Handler             [WEA
K]
  236 00000034 E7FE            B                .
  237 00000036                 ENDP
  238 00000036         SysTick_Handler
                               PROC
  239 00000036                 EXPORT           SysTick_Handler            [WEA
K]
  240 00000036 E7FE            B                .
  241 00000038                 ENDP
  242 00000038         
  243 00000038         Default_Handler
                               PROC
  244 00000038         
  245 00000038                 EXPORT           WWDG_IRQHandler                
   [WEAK]
  246 00000038                 EXPORT           PVD_IRQHandler                 
   [WEAK]
  247 00000038                 EXPORT           TAMP_STAMP_IRQHandler          
   [WEAK]
  248 00000038                 EXPORT           RTC_WKUP_IRQHandler            
   [WEAK]
  249 00000038                 EXPORT           FLASH_IRQHandler               
   [WEAK]
  250 00000038                 EXPORT           RCC_IRQHandler                 
   [WEAK]
  251 00000038                 EXPORT           EXTI0_IRQHandler               
   [WEAK]
  252 00000038                 EXPORT           EXTI1_IRQHandler               
   [WEAK]
  253 00000038                 EXPORT           EXTI2_IRQHandler               
   [WEAK]
  254 00000038                 EXPORT           EXTI3_IRQHandler               
   [WEAK]
  255 00000038                 EXPORT           EXTI4_IRQHandler               



ARM Macro Assembler    Page 10 


   [WEAK]
  256 00000038                 EXPORT           DMA1_Stream0_IRQHandler        
   [WEAK]
  257 00000038                 EXPORT           DMA1_Stream1_IRQHandler        
   [WEAK]
  258 00000038                 EXPORT           DMA1_Stream2_IRQHandler        
   [WEAK]
  259 00000038                 EXPORT           DMA1_Stream3_IRQHandler        
   [WEAK]
  260 00000038                 EXPORT           DMA1_Stream4_IRQHandler        
   [WEAK]
  261 00000038                 EXPORT           DMA1_Stream5_IRQHandler        
   [WEAK]
  262 00000038                 EXPORT           DMA1_Stream6_IRQHandler        
   [WEAK]
  263 00000038                 EXPORT           ADC_IRQHandler                 
   [WEAK]
  264 00000038                 EXPORT           CAN1_TX_IRQHandler             
   [WEAK]
  265 00000038                 EXPORT           CAN1_RX0_IRQHandler            
   [WEAK]
  266 00000038                 EXPORT           CAN1_RX1_IRQHandler            
   [WEAK]
  267 00000038                 EXPORT           CAN1_SCE_IRQHandler            
   [WEAK]
  268 00000038                 EXPORT           EXTI9_5_IRQHandler             
   [WEAK]
  269 00000038                 EXPORT           TIM1_BRK_TIM9_IRQHandler       
   [WEAK]
  270 00000038                 EXPORT           TIM1_UP_TIM10_IRQHandler       
   [WEAK]
  271 00000038                 EXPORT           TIM1_TRG_COM_TIM11_IRQHandler  
   [WEAK]
  272 00000038                 EXPORT           TIM1_CC_IRQHandler             
   [WEAK]
  273 00000038                 EXPORT           TIM2_IRQHandler                
   [WEAK]
  274 00000038                 EXPORT           TIM3_IRQHandler                
   [WEAK]
  275 00000038                 EXPORT           TIM4_IRQHandler                
   [WEAK]
  276 00000038                 EXPORT           I2C1_EV_IRQHandler             
   [WEAK]
  277 00000038                 EXPORT           I2C1_ER_IRQHandler             
   [WEAK]
  278 00000038                 EXPORT           I2C2_EV_IRQHandler             
   [WEAK]
  279 00000038                 EXPORT           I2C2_ER_IRQHandler             
   [WEAK]
  280 00000038                 EXPORT           SPI1_IRQHandler                
   [WEAK]
  281 00000038                 EXPORT           SPI2_IRQHandler                
   [WEAK]
  282 00000038                 EXPORT           USART1_IRQHandler              
   [WEAK]
  283 00000038                 EXPORT           USART2_IRQHandler              
   [WEAK]
  284 00000038                 EXPORT           USART3_IRQHandler              
   [WEAK]



ARM Macro Assembler    Page 11 


  285 00000038                 EXPORT           EXTI15_10_IRQHandler           
   [WEAK]
  286 00000038                 EXPORT           RTC_Alarm_IRQHandler           
   [WEAK]
  287 00000038                 EXPORT           OTG_FS_WKUP_IRQHandler         
   [WEAK]
  288 00000038                 EXPORT           TIM8_BRK_TIM12_IRQHandler      
   [WEAK]
  289 00000038                 EXPORT           TIM8_UP_TIM13_IRQHandler       
   [WEAK]
  290 00000038                 EXPORT           TIM8_TRG_COM_TIM14_IRQHandler  
   [WEAK]
  291 00000038                 EXPORT           TIM8_CC_IRQHandler             
   [WEAK]
  292 00000038                 EXPORT           DMA1_Stream7_IRQHandler        
   [WEAK]
  293 00000038                 EXPORT           FSMC_IRQHandler                
   [WEAK]
  294 00000038                 EXPORT           SDIO_IRQHandler                
   [WEAK]
  295 00000038                 EXPORT           TIM5_IRQHandler                
   [WEAK]
  296 00000038                 EXPORT           SPI3_IRQHandler                
   [WEAK]
  297 00000038                 EXPORT           UART4_IRQHandler               
   [WEAK]
  298 00000038                 EXPORT           UART5_IRQHandler               
   [WEAK]
  299 00000038                 EXPORT           TIM6_DAC_IRQHandler            
   [WEAK]
  300 00000038                 EXPORT           TIM7_IRQHandler                
   [WEAK]
  301 00000038                 EXPORT           DMA2_Stream0_IRQHandler        
   [WEAK]
  302 00000038                 EXPORT           DMA2_Stream1_IRQHandler        
   [WEAK]
  303 00000038                 EXPORT           DMA2_Stream2_IRQHandler        
   [WEAK]
  304 00000038                 EXPORT           DMA2_Stream3_IRQHandler        
   [WEAK]
  305 00000038                 EXPORT           DMA2_Stream4_IRQHandler        
   [WEAK]
  306 00000038                 EXPORT           ETH_IRQHandler                 
   [WEAK]
  307 00000038                 EXPORT           ETH_WKUP_IRQHandler            
   [WEAK]
  308 00000038                 EXPORT           CAN2_TX_IRQHandler             
   [WEAK]
  309 00000038                 EXPORT           CAN2_RX0_IRQHandler            
   [WEAK]
  310 00000038                 EXPORT           CAN2_RX1_IRQHandler            
   [WEAK]
  311 00000038                 EXPORT           CAN2_SCE_IRQHandler            
   [WEAK]
  312 00000038                 EXPORT           OTG_FS_IRQHandler              
   [WEAK]
  313 00000038                 EXPORT           DMA2_Stream5_IRQHandler        
   [WEAK]
  314 00000038                 EXPORT           DMA2_Stream6_IRQHandler        



ARM Macro Assembler    Page 12 


   [WEAK]
  315 00000038                 EXPORT           DMA2_Stream7_IRQHandler        
   [WEAK]
  316 00000038                 EXPORT           USART6_IRQHandler              
   [WEAK]
  317 00000038                 EXPORT           I2C3_EV_IRQHandler             
   [WEAK]
  318 00000038                 EXPORT           I2C3_ER_IRQHandler             
   [WEAK]
  319 00000038                 EXPORT           OTG_HS_EP1_OUT_IRQHandler      
   [WEAK]
  320 00000038                 EXPORT           OTG_HS_EP1_IN_IRQHandler       
   [WEAK]
  321 00000038                 EXPORT           OTG_HS_WKUP_IRQHandler         
   [WEAK]
  322 00000038                 EXPORT           OTG_HS_IRQHandler              
   [WEAK]
  323 00000038                 EXPORT           DCMI_IRQHandler                
   [WEAK]
  324 00000038                 EXPORT           CRYP_IRQHandler                
   [WEAK]
  325 00000038                 EXPORT           HASH_RNG_IRQHandler            
   [WEAK]
  326 00000038                 EXPORT           FPU_IRQHandler                 
   [WEAK]
  327 00000038         
  328 00000038         WWDG_IRQHandler
  329 00000038         PVD_IRQHandler
  330 00000038         TAMP_STAMP_IRQHandler
  331 00000038         RTC_WKUP_IRQHandler
  332 00000038         FLASH_IRQHandler
  333 00000038         RCC_IRQHandler
  334 00000038         EXTI0_IRQHandler
  335 00000038         EXTI1_IRQHandler
  336 00000038         EXTI2_IRQHandler
  337 00000038         EXTI3_IRQHandler
  338 00000038         EXTI4_IRQHandler
  339 00000038         DMA1_Stream0_IRQHandler
  340 00000038         DMA1_Stream1_IRQHandler
  341 00000038         DMA1_Stream2_IRQHandler
  342 00000038         DMA1_Stream3_IRQHandler
  343 00000038         DMA1_Stream4_IRQHandler
  344 00000038         DMA1_Stream5_IRQHandler
  345 00000038         DMA1_Stream6_IRQHandler
  346 00000038         ADC_IRQHandler
  347 00000038         CAN1_TX_IRQHandler
  348 00000038         CAN1_RX0_IRQHandler
  349 00000038         CAN1_RX1_IRQHandler
  350 00000038         CAN1_SCE_IRQHandler
  351 00000038         EXTI9_5_IRQHandler
  352 00000038         TIM1_BRK_TIM9_IRQHandler
  353 00000038         TIM1_UP_TIM10_IRQHandler
  354 00000038         TIM1_TRG_COM_TIM11_IRQHandler
  355 00000038         TIM1_CC_IRQHandler
  356 00000038         TIM2_IRQHandler
  357 00000038         TIM3_IRQHandler
  358 00000038         TIM4_IRQHandler
  359 00000038         I2C1_EV_IRQHandler
  360 00000038         I2C1_ER_IRQHandler



ARM Macro Assembler    Page 13 


  361 00000038         I2C2_EV_IRQHandler
  362 00000038         I2C2_ER_IRQHandler
  363 00000038         SPI1_IRQHandler
  364 00000038         SPI2_IRQHandler
  365 00000038         USART1_IRQHandler
  366 00000038         USART2_IRQHandler
  367 00000038         USART3_IRQHandler
  368 00000038         EXTI15_10_IRQHandler
  369 00000038         RTC_Alarm_IRQHandler
  370 00000038         OTG_FS_WKUP_IRQHandler
  371 00000038         TIM8_BRK_TIM12_IRQHandler
  372 00000038         TIM8_UP_TIM13_IRQHandler
  373 00000038         TIM8_TRG_COM_TIM14_IRQHandler
  374 00000038         TIM8_CC_IRQHandler
  375 00000038         DMA1_Stream7_IRQHandler
  376 00000038         FSMC_IRQHandler
  377 00000038         SDIO_IRQHandler
  378 00000038         TIM5_IRQHandler
  379 00000038         SPI3_IRQHandler
  380 00000038         UART4_IRQHandler
  381 00000038         UART5_IRQHandler
  382 00000038         TIM6_DAC_IRQHandler
  383 00000038         TIM7_IRQHandler
  384 00000038         DMA2_Stream0_IRQHandler
  385 00000038         DMA2_Stream1_IRQHandler
  386 00000038         DMA2_Stream2_IRQHandler
  387 00000038         DMA2_Stream3_IRQHandler
  388 00000038         DMA2_Stream4_IRQHandler
  389 00000038         ETH_IRQHandler
  390 00000038         ETH_WKUP_IRQHandler
  391 00000038         CAN2_TX_IRQHandler
  392 00000038         CAN2_RX0_IRQHandler
  393 00000038         CAN2_RX1_IRQHandler
  394 00000038         CAN2_SCE_IRQHandler
  395 00000038         OTG_FS_IRQHandler
  396 00000038         DMA2_Stream5_IRQHandler
  397 00000038         DMA2_Stream6_IRQHandler
  398 00000038         DMA2_Stream7_IRQHandler
  399 00000038         USART6_IRQHandler
  400 00000038         I2C3_EV_IRQHandler
  401 00000038         I2C3_ER_IRQHandler
  402 00000038         OTG_HS_EP1_OUT_IRQHandler
  403 00000038         OTG_HS_EP1_IN_IRQHandler
  404 00000038         OTG_HS_WKUP_IRQHandler
  405 00000038         OTG_HS_IRQHandler
  406 00000038         DCMI_IRQHandler
  407 00000038         CRYP_IRQHandler
  408 00000038         HASH_RNG_IRQHandler
  409 00000038         FPU_IRQHandler
  410 00000038         
  411 00000038 E7FE            B                .
  412 0000003A         
  413 0000003A                 ENDP
  414 0000003A         
  415 0000003A 00 00           ALIGN
  416 0000003C         
  417 0000003C         ;*******************************************************
                       ************************
  418 0000003C         ; User Stack and Heap initialization



ARM Macro Assembler    Page 14 


  419 0000003C         ;*******************************************************
                       ************************
  420 0000003C                 IF               :DEF:__MICROLIB
  421 0000003C         
  422 0000003C                 EXPORT           __initial_sp
  423 0000003C                 EXPORT           __heap_base
  424 0000003C                 EXPORT           __heap_limit
  425 0000003C         
  426 0000003C                 ELSE
  441                          ENDIF
  442 0000003C         
  443 0000003C                 END
              E000ED88 
              E000EF34 
              00000000 
              00000000 
Command Line: --debug --xref --diag_suppress=9931 --cpu=Cortex-M4.fp.sp --apcs=
interwork --depend=..\..\output\startup_stm32f40xx.d -o..\..\output\startup_stm
32f40xx.o -I..\..\System\duoji -I..\..\System\KEY -I..\..\System\sys -I..\..\Sy
stem\queue_eg -I..\..\System\lora -I..\..\System\base64 -IF:\keilMDK\Keil\STM32
F4xx_DFP\2.15.0\Drivers\CMSIS\Device\ST\STM32F4xx\Include --predefine="__MICROL
IB SETA 1" --predefine="__UVISION_VERSION SETA 539" --predefine="STM32F407xx SE
TA 1" --list=..\..\listing\startup_stm32f40xx.lst ..\..\Startup\startup_stm32f4
0xx.s



ARM Macro Assembler    Page 1 Alphabetic symbol ordering
Relocatable symbols

STACK 00000000

Symbol: STACK
   Definitions
      At line 40 in file ..\..\Startup\startup_stm32f40xx.s
   Uses
      None
Comment: STACK unused
Stack_Mem 00000000

Symbol: Stack_Mem
   Definitions
      At line 41 in file ..\..\Startup\startup_stm32f40xx.s
   Uses
      None
Comment: Stack_Mem unused
__initial_sp 00008000

Symbol: __initial_sp
   Definitions
      At line 42 in file ..\..\Startup\startup_stm32f40xx.s
   Uses
      At line 66 in file ..\..\Startup\startup_stm32f40xx.s
      At line 422 in file ..\..\Startup\startup_stm32f40xx.s

3 symbols



ARM Macro Assembler    Page 1 Alphabetic symbol ordering
Relocatable symbols

HEAP 00000000

Symbol: HEAP
   Definitions
      At line 51 in file ..\..\Startup\startup_stm32f40xx.s
   Uses
      None
Comment: HEAP unused
Heap_Mem 00000000

Symbol: Heap_Mem
   Definitions
      At line 53 in file ..\..\Startup\startup_stm32f40xx.s
   Uses
      None
Comment: Heap_Mem unused
__heap_base 00000000

Symbol: __heap_base
   Definitions
      At line 52 in file ..\..\Startup\startup_stm32f40xx.s
   Uses
      At line 423 in file ..\..\Startup\startup_stm32f40xx.s
Comment: __heap_base used once
__heap_limit 00000200

Symbol: __heap_limit
   Definitions
      At line 54 in file ..\..\Startup\startup_stm32f40xx.s
   Uses
      At line 424 in file ..\..\Startup\startup_stm32f40xx.s
Comment: __heap_limit used once
4 symbols



ARM Macro Assembler    Page 1 Alphabetic symbol ordering
Relocatable symbols

RESET 00000000

Symbol: RESET
   Definitions
      At line 61 in file ..\..\Startup\startup_stm32f40xx.s
   Uses
      None
Comment: RESET unused
__Vectors 00000000

Symbol: __Vectors
   Definitions
      At line 66 in file ..\..\Startup\startup_stm32f40xx.s
   Uses
      At line 62 in file ..\..\Startup\startup_stm32f40xx.s
      At line 169 in file ..\..\Startup\startup_stm32f40xx.s

__Vectors_End 00000188

Symbol: __Vectors_End
   Definitions
      At line 167 in file ..\..\Startup\startup_stm32f40xx.s
   Uses
      At line 63 in file ..\..\Startup\startup_stm32f40xx.s
      At line 169 in file ..\..\Startup\startup_stm32f40xx.s

3 symbols



ARM Macro Assembler    Page 1 Alphabetic symbol ordering
Relocatable symbols

.text 00000000

Symbol: .text
   Definitions
      At line 171 in file ..\..\Startup\startup_stm32f40xx.s
   Uses
      None
Comment: .text unused
ADC_IRQHandler 00000038

Symbol: ADC_IRQHandler
   Definitions
      At line 346 in file ..\..\Startup\startup_stm32f40xx.s
   Uses
      At line 102 in file ..\..\Startup\startup_stm32f40xx.s
      At line 263 in file ..\..\Startup\startup_stm32f40xx.s

BusFault_Handler 0000002C

Symbol: BusFault_Handler
   Definitions
      At line 216 in file ..\..\Startup\startup_stm32f40xx.s
   Uses
      At line 71 in file ..\..\Startup\startup_stm32f40xx.s
      At line 217 in file ..\..\Startup\startup_stm32f40xx.s

CAN1_RX0_IRQHandler 00000038

Symbol: CAN1_RX0_IRQHandler
   Definitions
      At line 348 in file ..\..\Startup\startup_stm32f40xx.s
   Uses
      At line 104 in file ..\..\Startup\startup_stm32f40xx.s
      At line 265 in file ..\..\Startup\startup_stm32f40xx.s

CAN1_RX1_IRQHandler 00000038

Symbol: CAN1_RX1_IRQHandler
   Definitions
      At line 349 in file ..\..\Startup\startup_stm32f40xx.s
   Uses
      At line 105 in file ..\..\Startup\startup_stm32f40xx.s
      At line 266 in file ..\..\Startup\startup_stm32f40xx.s

CAN1_SCE_IRQHandler 00000038

Symbol: CAN1_SCE_IRQHandler
   Definitions
      At line 350 in file ..\..\Startup\startup_stm32f40xx.s
   Uses
      At line 106 in file ..\..\Startup\startup_stm32f40xx.s
      At line 267 in file ..\..\Startup\startup_stm32f40xx.s

CAN1_TX_IRQHandler 00000038

Symbol: CAN1_TX_IRQHandler
   Definitions
      At line 347 in file ..\..\Startup\startup_stm32f40xx.s
   Uses



ARM Macro Assembler    Page 2 Alphabetic symbol ordering
Relocatable symbols

      At line 103 in file ..\..\Startup\startup_stm32f40xx.s
      At line 264 in file ..\..\Startup\startup_stm32f40xx.s

CAN2_RX0_IRQHandler 00000038

Symbol: CAN2_RX0_IRQHandler
   Definitions
      At line 392 in file ..\..\Startup\startup_stm32f40xx.s
   Uses
      At line 148 in file ..\..\Startup\startup_stm32f40xx.s
      At line 309 in file ..\..\Startup\startup_stm32f40xx.s

CAN2_RX1_IRQHandler 00000038

Symbol: CAN2_RX1_IRQHandler
   Definitions
      At line 393 in file ..\..\Startup\startup_stm32f40xx.s
   Uses
      At line 149 in file ..\..\Startup\startup_stm32f40xx.s
      At line 310 in file ..\..\Startup\startup_stm32f40xx.s

CAN2_SCE_IRQHandler 00000038

Symbol: CAN2_SCE_IRQHandler
   Definitions
      At line 394 in file ..\..\Startup\startup_stm32f40xx.s
   Uses
      At line 150 in file ..\..\Startup\startup_stm32f40xx.s
      At line 311 in file ..\..\Startup\startup_stm32f40xx.s

CAN2_TX_IRQHandler 00000038

Symbol: CAN2_TX_IRQHandler
   Definitions
      At line 391 in file ..\..\Startup\startup_stm32f40xx.s
   Uses
      At line 147 in file ..\..\Startup\startup_stm32f40xx.s
      At line 308 in file ..\..\Startup\startup_stm32f40xx.s

CRYP_IRQHandler 00000038

Symbol: CRYP_IRQHandler
   Definitions
      At line 407 in file ..\..\Startup\startup_stm32f40xx.s
   Uses
      At line 163 in file ..\..\Startup\startup_stm32f40xx.s
      At line 324 in file ..\..\Startup\startup_stm32f40xx.s

DCMI_IRQHandler 00000038

Symbol: DCMI_IRQHandler
   Definitions
      At line 406 in file ..\..\Startup\startup_stm32f40xx.s
   Uses
      At line 162 in file ..\..\Startup\startup_stm32f40xx.s
      At line 323 in file ..\..\Startup\startup_stm32f40xx.s

DMA1_Stream0_IRQHandler 00000038




ARM Macro Assembler    Page 3 Alphabetic symbol ordering
Relocatable symbols

Symbol: DMA1_Stream0_IRQHandler
   Definitions
      At line 339 in file ..\..\Startup\startup_stm32f40xx.s
   Uses
      At line 95 in file ..\..\Startup\startup_stm32f40xx.s
      At line 256 in file ..\..\Startup\startup_stm32f40xx.s

DMA1_Stream1_IRQHandler 00000038

Symbol: DMA1_Stream1_IRQHandler
   Definitions
      At line 340 in file ..\..\Startup\startup_stm32f40xx.s
   Uses
      At line 96 in file ..\..\Startup\startup_stm32f40xx.s
      At line 257 in file ..\..\Startup\startup_stm32f40xx.s

DMA1_Stream2_IRQHandler 00000038

Symbol: DMA1_Stream2_IRQHandler
   Definitions
      At line 341 in file ..\..\Startup\startup_stm32f40xx.s
   Uses
      At line 97 in file ..\..\Startup\startup_stm32f40xx.s
      At line 258 in file ..\..\Startup\startup_stm32f40xx.s

DMA1_Stream3_IRQHandler 00000038

Symbol: DMA1_Stream3_IRQHandler
   Definitions
      At line 342 in file ..\..\Startup\startup_stm32f40xx.s
   Uses
      At line 98 in file ..\..\Startup\startup_stm32f40xx.s
      At line 259 in file ..\..\Startup\startup_stm32f40xx.s

DMA1_Stream4_IRQHandler 00000038

Symbol: DMA1_Stream4_IRQHandler
   Definitions
      At line 343 in file ..\..\Startup\startup_stm32f40xx.s
   Uses
      At line 99 in file ..\..\Startup\startup_stm32f40xx.s
      At line 260 in file ..\..\Startup\startup_stm32f40xx.s

DMA1_Stream5_IRQHandler 00000038

Symbol: DMA1_Stream5_IRQHandler
   Definitions
      At line 344 in file ..\..\Startup\startup_stm32f40xx.s
   Uses
      At line 100 in file ..\..\Startup\startup_stm32f40xx.s
      At line 261 in file ..\..\Startup\startup_stm32f40xx.s

DMA1_Stream6_IRQHandler 00000038

Symbol: DMA1_Stream6_IRQHandler
   Definitions
      At line 345 in file ..\..\Startup\startup_stm32f40xx.s
   Uses
      At line 101 in file ..\..\Startup\startup_stm32f40xx.s



ARM Macro Assembler    Page 4 Alphabetic symbol ordering
Relocatable symbols

      At line 262 in file ..\..\Startup\startup_stm32f40xx.s

DMA1_Stream7_IRQHandler 00000038

Symbol: DMA1_Stream7_IRQHandler
   Definitions
      At line 375 in file ..\..\Startup\startup_stm32f40xx.s
   Uses
      At line 131 in file ..\..\Startup\startup_stm32f40xx.s
      At line 292 in file ..\..\Startup\startup_stm32f40xx.s

DMA2_Stream0_IRQHandler 00000038

Symbol: DMA2_Stream0_IRQHandler
   Definitions
      At line 384 in file ..\..\Startup\startup_stm32f40xx.s
   Uses
      At line 140 in file ..\..\Startup\startup_stm32f40xx.s
      At line 301 in file ..\..\Startup\startup_stm32f40xx.s

DMA2_Stream1_IRQHandler 00000038

Symbol: DMA2_Stream1_IRQHandler
   Definitions
      At line 385 in file ..\..\Startup\startup_stm32f40xx.s
   Uses
      At line 141 in file ..\..\Startup\startup_stm32f40xx.s
      At line 302 in file ..\..\Startup\startup_stm32f40xx.s

DMA2_Stream2_IRQHandler 00000038

Symbol: DMA2_Stream2_IRQHandler
   Definitions
      At line 386 in file ..\..\Startup\startup_stm32f40xx.s
   Uses
      At line 142 in file ..\..\Startup\startup_stm32f40xx.s
      At line 303 in file ..\..\Startup\startup_stm32f40xx.s

DMA2_Stream3_IRQHandler 00000038

Symbol: DMA2_Stream3_IRQHandler
   Definitions
      At line 387 in file ..\..\Startup\startup_stm32f40xx.s
   Uses
      At line 143 in file ..\..\Startup\startup_stm32f40xx.s
      At line 304 in file ..\..\Startup\startup_stm32f40xx.s

DMA2_Stream4_IRQHandler 00000038

Symbol: DMA2_Stream4_IRQHandler
   Definitions
      At line 388 in file ..\..\Startup\startup_stm32f40xx.s
   Uses
      At line 144 in file ..\..\Startup\startup_stm32f40xx.s
      At line 305 in file ..\..\Startup\startup_stm32f40xx.s

DMA2_Stream5_IRQHandler 00000038

Symbol: DMA2_Stream5_IRQHandler



ARM Macro Assembler    Page 5 Alphabetic symbol ordering
Relocatable symbols

   Definitions
      At line 396 in file ..\..\Startup\startup_stm32f40xx.s
   Uses
      At line 152 in file ..\..\Startup\startup_stm32f40xx.s
      At line 313 in file ..\..\Startup\startup_stm32f40xx.s

DMA2_Stream6_IRQHandler 00000038

Symbol: DMA2_Stream6_IRQHandler
   Definitions
      At line 397 in file ..\..\Startup\startup_stm32f40xx.s
   Uses
      At line 153 in file ..\..\Startup\startup_stm32f40xx.s
      At line 314 in file ..\..\Startup\startup_stm32f40xx.s

DMA2_Stream7_IRQHandler 00000038

Symbol: DMA2_Stream7_IRQHandler
   Definitions
      At line 398 in file ..\..\Startup\startup_stm32f40xx.s
   Uses
      At line 154 in file ..\..\Startup\startup_stm32f40xx.s
      At line 315 in file ..\..\Startup\startup_stm32f40xx.s

DebugMon_Handler 00000032

Symbol: DebugMon_Handler
   Definitions
      At line 230 in file ..\..\Startup\startup_stm32f40xx.s
   Uses
      At line 78 in file ..\..\Startup\startup_stm32f40xx.s
      At line 231 in file ..\..\Startup\startup_stm32f40xx.s

Default_Handler 00000038

Symbol: Default_Handler
   Definitions
      At line 243 in file ..\..\Startup\startup_stm32f40xx.s
   Uses
      None
Comment: Default_Handler unused
ETH_IRQHandler 00000038

Symbol: ETH_IRQHandler
   Definitions
      At line 389 in file ..\..\Startup\startup_stm32f40xx.s
   Uses
      At line 145 in file ..\..\Startup\startup_stm32f40xx.s
      At line 306 in file ..\..\Startup\startup_stm32f40xx.s

ETH_WKUP_IRQHandler 00000038

Symbol: ETH_WKUP_IRQHandler
   Definitions
      At line 390 in file ..\..\Startup\startup_stm32f40xx.s
   Uses
      At line 146 in file ..\..\Startup\startup_stm32f40xx.s
      At line 307 in file ..\..\Startup\startup_stm32f40xx.s




ARM Macro Assembler    Page 6 Alphabetic symbol ordering
Relocatable symbols

EXTI0_IRQHandler 00000038

Symbol: EXTI0_IRQHandler
   Definitions
      At line 334 in file ..\..\Startup\startup_stm32f40xx.s
   Uses
      At line 90 in file ..\..\Startup\startup_stm32f40xx.s
      At line 251 in file ..\..\Startup\startup_stm32f40xx.s

EXTI15_10_IRQHandler 00000038

Symbol: EXTI15_10_IRQHandler
   Definitions
      At line 368 in file ..\..\Startup\startup_stm32f40xx.s
   Uses
      At line 124 in file ..\..\Startup\startup_stm32f40xx.s
      At line 285 in file ..\..\Startup\startup_stm32f40xx.s

EXTI1_IRQHandler 00000038

Symbol: EXTI1_IRQHandler
   Definitions
      At line 335 in file ..\..\Startup\startup_stm32f40xx.s
   Uses
      At line 91 in file ..\..\Startup\startup_stm32f40xx.s
      At line 252 in file ..\..\Startup\startup_stm32f40xx.s

EXTI2_IRQHandler 00000038

Symbol: EXTI2_IRQHandler
   Definitions
      At line 336 in file ..\..\Startup\startup_stm32f40xx.s
   Uses
      At line 92 in file ..\..\Startup\startup_stm32f40xx.s
      At line 253 in file ..\..\Startup\startup_stm32f40xx.s

EXTI3_IRQHandler 00000038

Symbol: EXTI3_IRQHandler
   Definitions
      At line 337 in file ..\..\Startup\startup_stm32f40xx.s
   Uses
      At line 93 in file ..\..\Startup\startup_stm32f40xx.s
      At line 254 in file ..\..\Startup\startup_stm32f40xx.s

EXTI4_IRQHandler 00000038

Symbol: EXTI4_IRQHandler
   Definitions
      At line 338 in file ..\..\Startup\startup_stm32f40xx.s
   Uses
      At line 94 in file ..\..\Startup\startup_stm32f40xx.s
      At line 255 in file ..\..\Startup\startup_stm32f40xx.s

EXTI9_5_IRQHandler 00000038

Symbol: EXTI9_5_IRQHandler
   Definitions
      At line 351 in file ..\..\Startup\startup_stm32f40xx.s



ARM Macro Assembler    Page 7 Alphabetic symbol ordering
Relocatable symbols

   Uses
      At line 107 in file ..\..\Startup\startup_stm32f40xx.s
      At line 268 in file ..\..\Startup\startup_stm32f40xx.s

FLASH_IRQHandler 00000038

Symbol: FLASH_IRQHandler
   Definitions
      At line 332 in file ..\..\Startup\startup_stm32f40xx.s
   Uses
      At line 88 in file ..\..\Startup\startup_stm32f40xx.s
      At line 249 in file ..\..\Startup\startup_stm32f40xx.s

FPU_IRQHandler 00000038

Symbol: FPU_IRQHandler
   Definitions
      At line 409 in file ..\..\Startup\startup_stm32f40xx.s
   Uses
      At line 165 in file ..\..\Startup\startup_stm32f40xx.s
      At line 326 in file ..\..\Startup\startup_stm32f40xx.s

FSMC_IRQHandler 00000038

Symbol: FSMC_IRQHandler
   Definitions
      At line 376 in file ..\..\Startup\startup_stm32f40xx.s
   Uses
      At line 132 in file ..\..\Startup\startup_stm32f40xx.s
      At line 293 in file ..\..\Startup\startup_stm32f40xx.s

HASH_RNG_IRQHandler 00000038

Symbol: HASH_RNG_IRQHandler
   Definitions
      At line 408 in file ..\..\Startup\startup_stm32f40xx.s
   Uses
      At line 164 in file ..\..\Startup\startup_stm32f40xx.s
      At line 325 in file ..\..\Startup\startup_stm32f40xx.s

HardFault_Handler 00000028

Symbol: HardFault_Handler
   Definitions
      At line 206 in file ..\..\Startup\startup_stm32f40xx.s
   Uses
      At line 69 in file ..\..\Startup\startup_stm32f40xx.s
      At line 207 in file ..\..\Startup\startup_stm32f40xx.s

I2C1_ER_IRQHandler 00000038

Symbol: I2C1_ER_IRQHandler
   Definitions
      At line 360 in file ..\..\Startup\startup_stm32f40xx.s
   Uses
      At line 116 in file ..\..\Startup\startup_stm32f40xx.s
      At line 277 in file ..\..\Startup\startup_stm32f40xx.s

I2C1_EV_IRQHandler 00000038



ARM Macro Assembler    Page 8 Alphabetic symbol ordering
Relocatable symbols


Symbol: I2C1_EV_IRQHandler
   Definitions
      At line 359 in file ..\..\Startup\startup_stm32f40xx.s
   Uses
      At line 115 in file ..\..\Startup\startup_stm32f40xx.s
      At line 276 in file ..\..\Startup\startup_stm32f40xx.s

I2C2_ER_IRQHandler 00000038

Symbol: I2C2_ER_IRQHandler
   Definitions
      At line 362 in file ..\..\Startup\startup_stm32f40xx.s
   Uses
      At line 118 in file ..\..\Startup\startup_stm32f40xx.s
      At line 279 in file ..\..\Startup\startup_stm32f40xx.s

I2C2_EV_IRQHandler 00000038

Symbol: I2C2_EV_IRQHandler
   Definitions
      At line 361 in file ..\..\Startup\startup_stm32f40xx.s
   Uses
      At line 117 in file ..\..\Startup\startup_stm32f40xx.s
      At line 278 in file ..\..\Startup\startup_stm32f40xx.s

I2C3_ER_IRQHandler 00000038

Symbol: I2C3_ER_IRQHandler
   Definitions
      At line 401 in file ..\..\Startup\startup_stm32f40xx.s
   Uses
      At line 157 in file ..\..\Startup\startup_stm32f40xx.s
      At line 318 in file ..\..\Startup\startup_stm32f40xx.s

I2C3_EV_IRQHandler 00000038

Symbol: I2C3_EV_IRQHandler
   Definitions
      At line 400 in file ..\..\Startup\startup_stm32f40xx.s
   Uses
      At line 156 in file ..\..\Startup\startup_stm32f40xx.s
      At line 317 in file ..\..\Startup\startup_stm32f40xx.s

MemManage_Handler 0000002A

Symbol: MemManage_Handler
   Definitions
      At line 211 in file ..\..\Startup\startup_stm32f40xx.s
   Uses
      At line 70 in file ..\..\Startup\startup_stm32f40xx.s
      At line 212 in file ..\..\Startup\startup_stm32f40xx.s

NMI_Handler 00000026

Symbol: NMI_Handler
   Definitions
      At line 201 in file ..\..\Startup\startup_stm32f40xx.s
   Uses



ARM Macro Assembler    Page 9 Alphabetic symbol ordering
Relocatable symbols

      At line 68 in file ..\..\Startup\startup_stm32f40xx.s
      At line 202 in file ..\..\Startup\startup_stm32f40xx.s

OTG_FS_IRQHandler 00000038

Symbol: OTG_FS_IRQHandler
   Definitions
      At line 395 in file ..\..\Startup\startup_stm32f40xx.s
   Uses
      At line 151 in file ..\..\Startup\startup_stm32f40xx.s
      At line 312 in file ..\..\Startup\startup_stm32f40xx.s

OTG_FS_WKUP_IRQHandler 00000038

Symbol: OTG_FS_WKUP_IRQHandler
   Definitions
      At line 370 in file ..\..\Startup\startup_stm32f40xx.s
   Uses
      At line 126 in file ..\..\Startup\startup_stm32f40xx.s
      At line 287 in file ..\..\Startup\startup_stm32f40xx.s

OTG_HS_EP1_IN_IRQHandler 00000038

Symbol: OTG_HS_EP1_IN_IRQHandler
   Definitions
      At line 403 in file ..\..\Startup\startup_stm32f40xx.s
   Uses
      At line 159 in file ..\..\Startup\startup_stm32f40xx.s
      At line 320 in file ..\..\Startup\startup_stm32f40xx.s

OTG_HS_EP1_OUT_IRQHandler 00000038

Symbol: OTG_HS_EP1_OUT_IRQHandler
   Definitions
      At line 402 in file ..\..\Startup\startup_stm32f40xx.s
   Uses
      At line 158 in file ..\..\Startup\startup_stm32f40xx.s
      At line 319 in file ..\..\Startup\startup_stm32f40xx.s

OTG_HS_IRQHandler 00000038

Symbol: OTG_HS_IRQHandler
   Definitions
      At line 405 in file ..\..\Startup\startup_stm32f40xx.s
   Uses
      At line 161 in file ..\..\Startup\startup_stm32f40xx.s
      At line 322 in file ..\..\Startup\startup_stm32f40xx.s

OTG_HS_WKUP_IRQHandler 00000038

Symbol: OTG_HS_WKUP_IRQHandler
   Definitions
      At line 404 in file ..\..\Startup\startup_stm32f40xx.s
   Uses
      At line 160 in file ..\..\Startup\startup_stm32f40xx.s
      At line 321 in file ..\..\Startup\startup_stm32f40xx.s

PVD_IRQHandler 00000038




ARM Macro Assembler    Page 10 Alphabetic symbol ordering
Relocatable symbols

Symbol: PVD_IRQHandler
   Definitions
      At line 329 in file ..\..\Startup\startup_stm32f40xx.s
   Uses
      At line 85 in file ..\..\Startup\startup_stm32f40xx.s
      At line 246 in file ..\..\Startup\startup_stm32f40xx.s

PendSV_Handler 00000034

Symbol: PendSV_Handler
   Definitions
      At line 234 in file ..\..\Startup\startup_stm32f40xx.s
   Uses
      At line 80 in file ..\..\Startup\startup_stm32f40xx.s
      At line 235 in file ..\..\Startup\startup_stm32f40xx.s

RCC_IRQHandler 00000038

Symbol: RCC_IRQHandler
   Definitions
      At line 333 in file ..\..\Startup\startup_stm32f40xx.s
   Uses
      At line 89 in file ..\..\Startup\startup_stm32f40xx.s
      At line 250 in file ..\..\Startup\startup_stm32f40xx.s

RTC_Alarm_IRQHandler 00000038

Symbol: RTC_Alarm_IRQHandler
   Definitions
      At line 369 in file ..\..\Startup\startup_stm32f40xx.s
   Uses
      At line 125 in file ..\..\Startup\startup_stm32f40xx.s
      At line 286 in file ..\..\Startup\startup_stm32f40xx.s

RTC_WKUP_IRQHandler 00000038

Symbol: RTC_WKUP_IRQHandler
   Definitions
      At line 331 in file ..\..\Startup\startup_stm32f40xx.s
   Uses
      At line 87 in file ..\..\Startup\startup_stm32f40xx.s
      At line 248 in file ..\..\Startup\startup_stm32f40xx.s

Reset_Handler 00000000

Symbol: Reset_Handler
   Definitions
      At line 174 in file ..\..\Startup\startup_stm32f40xx.s
   Uses
      At line 67 in file ..\..\Startup\startup_stm32f40xx.s
      At line 175 in file ..\..\Startup\startup_stm32f40xx.s

SDIO_IRQHandler 00000038

Symbol: SDIO_IRQHandler
   Definitions
      At line 377 in file ..\..\Startup\startup_stm32f40xx.s
   Uses
      At line 133 in file ..\..\Startup\startup_stm32f40xx.s



ARM Macro Assembler    Page 11 Alphabetic symbol ordering
Relocatable symbols

      At line 294 in file ..\..\Startup\startup_stm32f40xx.s

SPI1_IRQHandler 00000038

Symbol: SPI1_IRQHandler
   Definitions
      At line 363 in file ..\..\Startup\startup_stm32f40xx.s
   Uses
      At line 119 in file ..\..\Startup\startup_stm32f40xx.s
      At line 280 in file ..\..\Startup\startup_stm32f40xx.s

SPI2_IRQHandler 00000038

Symbol: SPI2_IRQHandler
   Definitions
      At line 364 in file ..\..\Startup\startup_stm32f40xx.s
   Uses
      At line 120 in file ..\..\Startup\startup_stm32f40xx.s
      At line 281 in file ..\..\Startup\startup_stm32f40xx.s

SPI3_IRQHandler 00000038

Symbol: SPI3_IRQHandler
   Definitions
      At line 379 in file ..\..\Startup\startup_stm32f40xx.s
   Uses
      At line 135 in file ..\..\Startup\startup_stm32f40xx.s
      At line 296 in file ..\..\Startup\startup_stm32f40xx.s

SVC_Handler 00000030

Symbol: SVC_Handler
   Definitions
      At line 225 in file ..\..\Startup\startup_stm32f40xx.s
   Uses
      At line 77 in file ..\..\Startup\startup_stm32f40xx.s
      At line 226 in file ..\..\Startup\startup_stm32f40xx.s

SysTick_Handler 00000036

Symbol: SysTick_Handler
   Definitions
      At line 238 in file ..\..\Startup\startup_stm32f40xx.s
   Uses
      At line 81 in file ..\..\Startup\startup_stm32f40xx.s
      At line 239 in file ..\..\Startup\startup_stm32f40xx.s

TAMP_STAMP_IRQHandler 00000038

Symbol: TAMP_STAMP_IRQHandler
   Definitions
      At line 330 in file ..\..\Startup\startup_stm32f40xx.s
   Uses
      At line 86 in file ..\..\Startup\startup_stm32f40xx.s
      At line 247 in file ..\..\Startup\startup_stm32f40xx.s

TIM1_BRK_TIM9_IRQHandler 00000038

Symbol: TIM1_BRK_TIM9_IRQHandler



ARM Macro Assembler    Page 12 Alphabetic symbol ordering
Relocatable symbols

   Definitions
      At line 352 in file ..\..\Startup\startup_stm32f40xx.s
   Uses
      At line 108 in file ..\..\Startup\startup_stm32f40xx.s
      At line 269 in file ..\..\Startup\startup_stm32f40xx.s

TIM1_CC_IRQHandler 00000038

Symbol: TIM1_CC_IRQHandler
   Definitions
      At line 355 in file ..\..\Startup\startup_stm32f40xx.s
   Uses
      At line 111 in file ..\..\Startup\startup_stm32f40xx.s
      At line 272 in file ..\..\Startup\startup_stm32f40xx.s

TIM1_TRG_COM_TIM11_IRQHandler 00000038

Symbol: TIM1_TRG_COM_TIM11_IRQHandler
   Definitions
      At line 354 in file ..\..\Startup\startup_stm32f40xx.s
   Uses
      At line 110 in file ..\..\Startup\startup_stm32f40xx.s
      At line 271 in file ..\..\Startup\startup_stm32f40xx.s

TIM1_UP_TIM10_IRQHandler 00000038

Symbol: TIM1_UP_TIM10_IRQHandler
   Definitions
      At line 353 in file ..\..\Startup\startup_stm32f40xx.s
   Uses
      At line 109 in file ..\..\Startup\startup_stm32f40xx.s
      At line 270 in file ..\..\Startup\startup_stm32f40xx.s

TIM2_IRQHandler 00000038

Symbol: TIM2_IRQHandler
   Definitions
      At line 356 in file ..\..\Startup\startup_stm32f40xx.s
   Uses
      At line 112 in file ..\..\Startup\startup_stm32f40xx.s
      At line 273 in file ..\..\Startup\startup_stm32f40xx.s

TIM3_IRQHandler 00000038

Symbol: TIM3_IRQHandler
   Definitions
      At line 357 in file ..\..\Startup\startup_stm32f40xx.s
   Uses
      At line 113 in file ..\..\Startup\startup_stm32f40xx.s
      At line 274 in file ..\..\Startup\startup_stm32f40xx.s

TIM4_IRQHandler 00000038

Symbol: TIM4_IRQHandler
   Definitions
      At line 358 in file ..\..\Startup\startup_stm32f40xx.s
   Uses
      At line 114 in file ..\..\Startup\startup_stm32f40xx.s
      At line 275 in file ..\..\Startup\startup_stm32f40xx.s



ARM Macro Assembler    Page 13 Alphabetic symbol ordering
Relocatable symbols


TIM5_IRQHandler 00000038

Symbol: TIM5_IRQHandler
   Definitions
      At line 378 in file ..\..\Startup\startup_stm32f40xx.s
   Uses
      At line 134 in file ..\..\Startup\startup_stm32f40xx.s
      At line 295 in file ..\..\Startup\startup_stm32f40xx.s

TIM6_DAC_IRQHandler 00000038

Symbol: TIM6_DAC_IRQHandler
   Definitions
      At line 382 in file ..\..\Startup\startup_stm32f40xx.s
   Uses
      At line 138 in file ..\..\Startup\startup_stm32f40xx.s
      At line 299 in file ..\..\Startup\startup_stm32f40xx.s

TIM7_IRQHandler 00000038

Symbol: TIM7_IRQHandler
   Definitions
      At line 383 in file ..\..\Startup\startup_stm32f40xx.s
   Uses
      At line 139 in file ..\..\Startup\startup_stm32f40xx.s
      At line 300 in file ..\..\Startup\startup_stm32f40xx.s

TIM8_BRK_TIM12_IRQHandler 00000038

Symbol: TIM8_BRK_TIM12_IRQHandler
   Definitions
      At line 371 in file ..\..\Startup\startup_stm32f40xx.s
   Uses
      At line 127 in file ..\..\Startup\startup_stm32f40xx.s
      At line 288 in file ..\..\Startup\startup_stm32f40xx.s

TIM8_CC_IRQHandler 00000038

Symbol: TIM8_CC_IRQHandler
   Definitions
      At line 374 in file ..\..\Startup\startup_stm32f40xx.s
   Uses
      At line 130 in file ..\..\Startup\startup_stm32f40xx.s
      At line 291 in file ..\..\Startup\startup_stm32f40xx.s

TIM8_TRG_COM_TIM14_IRQHandler 00000038

Symbol: TIM8_TRG_COM_TIM14_IRQHandler
   Definitions
      At line 373 in file ..\..\Startup\startup_stm32f40xx.s
   Uses
      At line 129 in file ..\..\Startup\startup_stm32f40xx.s
      At line 290 in file ..\..\Startup\startup_stm32f40xx.s

TIM8_UP_TIM13_IRQHandler 00000038

Symbol: TIM8_UP_TIM13_IRQHandler
   Definitions



ARM Macro Assembler    Page 14 Alphabetic symbol ordering
Relocatable symbols

      At line 372 in file ..\..\Startup\startup_stm32f40xx.s
   Uses
      At line 128 in file ..\..\Startup\startup_stm32f40xx.s
      At line 289 in file ..\..\Startup\startup_stm32f40xx.s

UART4_IRQHandler 00000038

Symbol: UART4_IRQHandler
   Definitions
      At line 380 in file ..\..\Startup\startup_stm32f40xx.s
   Uses
      At line 136 in file ..\..\Startup\startup_stm32f40xx.s
      At line 297 in file ..\..\Startup\startup_stm32f40xx.s

UART5_IRQHandler 00000038

Symbol: UART5_IRQHandler
   Definitions
      At line 381 in file ..\..\Startup\startup_stm32f40xx.s
   Uses
      At line 137 in file ..\..\Startup\startup_stm32f40xx.s
      At line 298 in file ..\..\Startup\startup_stm32f40xx.s

USART1_IRQHandler 00000038

Symbol: USART1_IRQHandler
   Definitions
      At line 365 in file ..\..\Startup\startup_stm32f40xx.s
   Uses
      At line 121 in file ..\..\Startup\startup_stm32f40xx.s
      At line 282 in file ..\..\Startup\startup_stm32f40xx.s

USART2_IRQHandler 00000038

Symbol: USART2_IRQHandler
   Definitions
      At line 366 in file ..\..\Startup\startup_stm32f40xx.s
   Uses
      At line 122 in file ..\..\Startup\startup_stm32f40xx.s
      At line 283 in file ..\..\Startup\startup_stm32f40xx.s

USART3_IRQHandler 00000038

Symbol: USART3_IRQHandler
   Definitions
      At line 367 in file ..\..\Startup\startup_stm32f40xx.s
   Uses
      At line 123 in file ..\..\Startup\startup_stm32f40xx.s
      At line 284 in file ..\..\Startup\startup_stm32f40xx.s

USART6_IRQHandler 00000038

Symbol: USART6_IRQHandler
   Definitions
      At line 399 in file ..\..\Startup\startup_stm32f40xx.s
   Uses
      At line 155 in file ..\..\Startup\startup_stm32f40xx.s
      At line 316 in file ..\..\Startup\startup_stm32f40xx.s




ARM Macro Assembler    Page 15 Alphabetic symbol ordering
Relocatable symbols

UsageFault_Handler 0000002E

Symbol: UsageFault_Handler
   Definitions
      At line 221 in file ..\..\Startup\startup_stm32f40xx.s
   Uses
      At line 72 in file ..\..\Startup\startup_stm32f40xx.s
      At line 222 in file ..\..\Startup\startup_stm32f40xx.s

WWDG_IRQHandler 00000038

Symbol: WWDG_IRQHandler
   Definitions
      At line 328 in file ..\..\Startup\startup_stm32f40xx.s
   Uses
      At line 84 in file ..\..\Startup\startup_stm32f40xx.s
      At line 245 in file ..\..\Startup\startup_stm32f40xx.s

94 symbols



ARM Macro Assembler    Page 1 Alphabetic symbol ordering
Absolute symbols

Heap_Size 00000200

Symbol: Heap_Size
   Definitions
      At line 49 in file ..\..\Startup\startup_stm32f40xx.s
   Uses
      At line 53 in file ..\..\Startup\startup_stm32f40xx.s
Comment: Heap_Size used once
Stack_Size 00008000

Symbol: Stack_Size
   Definitions
      At line 38 in file ..\..\Startup\startup_stm32f40xx.s
   Uses
      At line 41 in file ..\..\Startup\startup_stm32f40xx.s
Comment: Stack_Size used once
__Vectors_Size 00000188

Symbol: __Vectors_Size
   Definitions
      At line 169 in file ..\..\Startup\startup_stm32f40xx.s
   Uses
      At line 64 in file ..\..\Startup\startup_stm32f40xx.s
Comment: __Vectors_Size used once
3 symbols



ARM Macro Assembler    Page 1 Alphabetic symbol ordering
External symbols

SystemInit 00000000

Symbol: SystemInit
   Definitions
      At line 176 in file ..\..\Startup\startup_stm32f40xx.s
   Uses
      At line 193 in file ..\..\Startup\startup_stm32f40xx.s
Comment: SystemInit used once
__main 00000000

Symbol: __main
   Definitions
      At line 177 in file ..\..\Startup\startup_stm32f40xx.s
   Uses
      At line 195 in file ..\..\Startup\startup_stm32f40xx.s
Comment: __main used once
2 symbols
445 symbols in table
